<?xml version="1.0" encoding="UTF-8"?>
<testsuite name="PrimeCalculatorTest" tests="5" skipped="0" failures="0" errors="0" timestamp="2024-04-19T18:00:04" hostname="WARMACHINE" time="0.371">
  <properties/>
  <testcase name="testUndefinedPrime()" classname="PrimeCalculatorTest" time="0.068"/>
  <testcase name="testSixthPrime()" classname="PrimeCalculatorTest" time="0.005"/>
  <testcase name="testFirstPrime()" classname="PrimeCalculatorTest" time="0.001"/>
  <testcase name="testSecondPrime()" classname="PrimeCalculatorTest" time="0.001"/>
  <testcase name="testBigPrime()" classname="PrimeCalculatorTest" time="0.293"/>
  <system-out><![CDATA[]]></system-out>
  <system-err><![CDATA[]]></system-err>
</testsuite>
