<?xml version="1.0" encoding="UTF-8"?>
<testsuite name="TwoferTest" tests="3" skipped="0" failures="0" errors="0" timestamp="2024-04-19T16:51:42" hostname="WARMACHINE" time="0.098">
  <properties/>
  <testcase name="noNameGiven()" classname="TwoferTest" time="0.083"/>
  <testcase name="aNameGiven()" classname="TwoferTest" time="0.009"/>
  <testcase name="anotherNameGiven()" classname="TwoferTest" time="0.002"/>
  <system-out><![CDATA[]]></system-out>
  <system-err><![CDATA[]]></system-err>
</testsuite>
